Vivado Simulator 2019.2
Time resolution is 1 ps
                   0 CRAM[0]=1072000100000000000000240020
                   0 uninitLogic=x uninitBit=0
                1100 KLMasterReset() START
                1110     doCLKFunction(clkfSET_RESET) START
                1610     DONE
                1630     doCLKFunction(clkfCLR_RESET) START
                2130     DONE
                2150     doCLKFunction(clkfSTOP_CLOCK) START
                2650     DONE
                2670     doCLKFunction(clkfCLR_CLK_SRC_RATE) START
                3170     DONE
                3190     doCLKFunction(clkfRESET_PAR_REGS) START
                3690     DONE
                3710     doCLKFunction(clkfCLR_BURST_CTR_RH) START
                4210     DONE
                4230     doCLKFunction(clkfCLR_BURST_CTR_LH) START
                4730     DONE
                4750     doCLKFunction(clkfCLR_CRAM_DIAG_ADR_LH) START
                5250     DONE
                5270     doCLKFunction(clkfCLR_CRAM_DIAG_ADR_RH) START
                5770     DONE
                5770 DONE
                5790 doCLKFunction(clkfSTART_CLOCK) START
                6290 DONE
