INFO: [VRFC 10-2263] Analyzing Verilog file "/home/alan/kl10-fpga-rtl/kl10-fpga-rtl.srcs/sources_1/ip/dram_mem/sim/dram_mem.v" into library xil_defaultlib
INFO: [VRFC 10-311] analyzing module dram_mem
INFO: [VRFC 10-2263] Analyzing Verilog file "/home/alan/kl10-fpga-rtl/kl10-fpga-rtl.srcs/sources_1/ip/fm_mem/sim/fm_mem.v" into library xil_defaultlib
INFO: [VRFC 10-311] analyzing module fm_mem
INFO: [VRFC 10-2263] Analyzing Verilog file "/home/alan/kl10-fpga-rtl/kl10-fpga-rtl.srcs/sources_1/ip/cram_mem/sim/cram_mem.v" into library xil_defaultlib
INFO: [VRFC 10-311] analyzing module cram_mem
INFO: [VRFC 10-2263] Analyzing Verilog file "/home/alan/kl10-fpga-rtl/rtl/apr.v" into library xil_defaultlib
INFO: [VRFC 10-311] analyzing module apr
INFO: [VRFC 10-2263] Analyzing Verilog file "/home/alan/kl10-fpga-rtl/rtl/ccl.v" into library xil_defaultlib
INFO: [VRFC 10-311] analyzing module ccl
INFO: [VRFC 10-2263] Analyzing Verilog file "/home/alan/kl10-fpga-rtl/rtl/ccw.v" into library xil_defaultlib
INFO: [VRFC 10-311] analyzing module ccw
INFO: [VRFC 10-2263] Analyzing Verilog file "/home/alan/kl10-fpga-rtl/rtl/cha.v" into library xil_defaultlib
INFO: [VRFC 10-311] analyzing module cha
INFO: [VRFC 10-2263] Analyzing Verilog file "/home/alan/kl10-fpga-rtl/rtl/chc.v" into library xil_defaultlib
INFO: [VRFC 10-311] analyzing module chc
INFO: [VRFC 10-2263] Analyzing Verilog file "/home/alan/kl10-fpga-rtl/rtl/chd.v" into library xil_defaultlib
INFO: [VRFC 10-311] analyzing module chd
INFO: [VRFC 10-2263] Analyzing Verilog file "/home/alan/kl10-fpga-rtl/rtl/chx.v" into library xil_defaultlib
INFO: [VRFC 10-311] analyzing module chx
INFO: [VRFC 10-2263] Analyzing Verilog file "/home/alan/kl10-fpga-rtl/rtl/clk.v" into library xil_defaultlib
INFO: [VRFC 10-311] analyzing module clk
INFO: [VRFC 10-2263] Analyzing Verilog file "/home/alan/kl10-fpga-rtl/rtl/con.v" into library xil_defaultlib
INFO: [VRFC 10-311] analyzing module con
INFO: [VRFC 10-2263] Analyzing Verilog file "/home/alan/kl10-fpga-rtl/rtl/cra.v" into library xil_defaultlib
INFO: [VRFC 10-311] analyzing module cra
INFO: [VRFC 10-2263] Analyzing Verilog file "/home/alan/kl10-fpga-rtl/rtl/crc.v" into library xil_defaultlib
INFO: [VRFC 10-311] analyzing module crc
INFO: [VRFC 10-2263] Analyzing Verilog file "/home/alan/kl10-fpga-rtl/rtl/crm.v" into library xil_defaultlib
INFO: [VRFC 10-311] analyzing module crm
INFO: [VRFC 10-2263] Analyzing Verilog file "/home/alan/kl10-fpga-rtl/rtl/csh.v" into library xil_defaultlib
INFO: [VRFC 10-311] analyzing module csh
INFO: [VRFC 10-2263] Analyzing Verilog file "/home/alan/kl10-fpga-rtl/rtl/ctl.v" into library xil_defaultlib
INFO: [VRFC 10-311] analyzing module ctl
INFO: [VRFC 10-2263] Analyzing Verilog file "/home/alan/kl10-fpga-rtl/rtl/dps.v" into library xil_defaultlib
INFO: [VRFC 10-311] analyzing module dps
INFO: [VRFC 10-2263] Analyzing Verilog file "/home/alan/kl10-fpga-rtl/rtl/ebox.v" into library xil_defaultlib
INFO: [VRFC 10-311] analyzing module ebox
INFO: [VRFC 10-2458] undeclared symbol FORCE1777, assumed default net type wire [/home/alan/kl10-fpga-rtl/rtl/ebox.v:74]
WARNING: [VRFC 10-3676] redeclaration of ansi port 'anyEboxError' is not allowed [/home/alan/kl10-fpga-rtl/rtl/ebox.v:150]
WARNING: [VRFC 10-3676] redeclaration of ansi port 'cacheClearer' is not allowed [/home/alan/kl10-fpga-rtl/rtl/ebox.v:151]
WARNING: [VRFC 10-3676] redeclaration of ansi port 'eboxCCA' is not allowed [/home/alan/kl10-fpga-rtl/rtl/ebox.v:152]
WARNING: [VRFC 10-3676] redeclaration of ansi port 'eboxCache' is not allowed [/home/alan/kl10-fpga-rtl/rtl/ebox.v:153]
WARNING: [VRFC 10-3676] redeclaration of ansi port 'eboxERA' is not allowed [/home/alan/kl10-fpga-rtl/rtl/ebox.v:154]
WARNING: [VRFC 10-3676] redeclaration of ansi port 'eboxEnRefillRAMWr' is not allowed [/home/alan/kl10-fpga-rtl/rtl/ebox.v:155]
WARNING: [VRFC 10-3676] redeclaration of ansi port 'eboxLoadReg' is not allowed [/home/alan/kl10-fpga-rtl/rtl/ebox.v:156]
WARNING: [VRFC 10-3676] redeclaration of ansi port 'eboxLookEn' is not allowed [/home/alan/kl10-fpga-rtl/rtl/ebox.v:157]
WARNING: [VRFC 10-3676] redeclaration of ansi port 'eboxMap' is not allowed [/home/alan/kl10-fpga-rtl/rtl/ebox.v:158]
WARNING: [VRFC 10-3676] redeclaration of ansi port 'eboxMayBePaged' is not allowed [/home/alan/kl10-fpga-rtl/rtl/ebox.v:159]
WARNING: [VRFC 10-3676] redeclaration of ansi port 'eboxPSE' is not allowed [/home/alan/kl10-fpga-rtl/rtl/ebox.v:160]
WARNING: [VRFC 10-3676] redeclaration of ansi port 'eboxRead' is not allowed [/home/alan/kl10-fpga-rtl/rtl/ebox.v:161]
WARNING: [VRFC 10-3676] redeclaration of ansi port 'eboxReadReg' is not allowed [/home/alan/kl10-fpga-rtl/rtl/ebox.v:162]
WARNING: [VRFC 10-3676] redeclaration of ansi port 'eboxReq' is not allowed [/home/alan/kl10-fpga-rtl/rtl/ebox.v:163]
WARNING: [VRFC 10-3676] redeclaration of ansi port 'eboxSBUSDiag' is not allowed [/home/alan/kl10-fpga-rtl/rtl/ebox.v:164]
WARNING: [VRFC 10-3676] redeclaration of ansi port 'eboxUBR' is not allowed [/home/alan/kl10-fpga-rtl/rtl/ebox.v:165]
WARNING: [VRFC 10-3676] redeclaration of ansi port 'eboxUser' is not allowed [/home/alan/kl10-fpga-rtl/rtl/ebox.v:166]
WARNING: [VRFC 10-3676] redeclaration of ansi port 'eboxVMA' is not allowed [/home/alan/kl10-fpga-rtl/rtl/ebox.v:167]
WARNING: [VRFC 10-3676] redeclaration of ansi port 'eboxWrite' is not allowed [/home/alan/kl10-fpga-rtl/rtl/ebox.v:168]
WARNING: [VRFC 10-3676] redeclaration of ansi port 'ept' is not allowed [/home/alan/kl10-fpga-rtl/rtl/ebox.v:169]
WARNING: [VRFC 10-3676] redeclaration of ansi port 'ki10PagingMode' is not allowed [/home/alan/kl10-fpga-rtl/rtl/ebox.v:170]
WARNING: [VRFC 10-3676] redeclaration of ansi port 'mboxCtl03' is not allowed [/home/alan/kl10-fpga-rtl/rtl/ebox.v:171]
WARNING: [VRFC 10-3676] redeclaration of ansi port 'mboxCtl06' is not allowed [/home/alan/kl10-fpga-rtl/rtl/ebox.v:172]
WARNING: [VRFC 10-3676] redeclaration of ansi port 'pageAdrCond' is not allowed [/home/alan/kl10-fpga-rtl/rtl/ebox.v:173]
WARNING: [VRFC 10-3676] redeclaration of ansi port 'pageIllEntry' is not allowed [/home/alan/kl10-fpga-rtl/rtl/ebox.v:174]
WARNING: [VRFC 10-3676] redeclaration of ansi port 'pageTestPriv' is not allowed [/home/alan/kl10-fpga-rtl/rtl/ebox.v:175]
WARNING: [VRFC 10-3676] redeclaration of ansi port 'ptDirWrite' is not allowed [/home/alan/kl10-fpga-rtl/rtl/ebox.v:176]
WARNING: [VRFC 10-3676] redeclaration of ansi port 'ptWr' is not allowed [/home/alan/kl10-fpga-rtl/rtl/ebox.v:177]
WARNING: [VRFC 10-3676] redeclaration of ansi port 'upt' is not allowed [/home/alan/kl10-fpga-rtl/rtl/ebox.v:178]
WARNING: [VRFC 10-3676] redeclaration of ansi port 'userRef' is not allowed [/home/alan/kl10-fpga-rtl/rtl/ebox.v:179]
WARNING: [VRFC 10-3676] redeclaration of ansi port 'vmaACRef' is not allowed [/home/alan/kl10-fpga-rtl/rtl/ebox.v:180]
WARNING: [VRFC 10-3676] redeclaration of ansi port 'wrPtSel0' is not allowed [/home/alan/kl10-fpga-rtl/rtl/ebox.v:181]
WARNING: [VRFC 10-3676] redeclaration of ansi port 'wrPtSel1' is not allowed [/home/alan/kl10-fpga-rtl/rtl/ebox.v:182]
INFO: [VRFC 10-2458] undeclared symbol CALL, assumed default net type wire [/home/alan/kl10-fpga-rtl/rtl/ebox.v:236]
INFO: [VRFC 10-2458] undeclared symbol MARK, assumed default net type wire [/home/alan/kl10-fpga-rtl/rtl/ebox.v:239]
INFO: [VRFC 10-2458] undeclared symbol skipEn40_47, assumed default net type wire [/home/alan/kl10-fpga-rtl/rtl/ebox.v:255]
INFO: [VRFC 10-2458] undeclared symbol skipEn50_57, assumed default net type wire [/home/alan/kl10-fpga-rtl/rtl/ebox.v:256]
INFO: [VRFC 10-2458] undeclared symbol diagReadFunc14X, assumed default net type wire [/home/alan/kl10-fpga-rtl/rtl/ebox.v:257]
INFO: [VRFC 10-2458] undeclared symbol diaFunc051, assumed default net type wire [/home/alan/kl10-fpga-rtl/rtl/ebox.v:258]
INFO: [VRFC 10-2458] undeclared symbol diaFunc052, assumed default net type wire [/home/alan/kl10-fpga-rtl/rtl/ebox.v:259]
INFO: [VRFC 10-2458] undeclared symbol pcSection0, assumed default net type wire [/home/alan/kl10-fpga-rtl/rtl/ebox.v:260]
INFO: [VRFC 10-2458] undeclared symbol ADcarry_02, assumed default net type wire [/home/alan/kl10-fpga-rtl/rtl/ebox.v:264]
INFO: [VRFC 10-2458] undeclared symbol CRAM_J, assumed default net type wire [/home/alan/kl10-fpga-rtl/rtl/ebox.v:274]
INFO: [VRFC 10-2458] undeclared symbol CRAM_AD, assumed default net type wire [/home/alan/kl10-fpga-rtl/rtl/ebox.v:275]
INFO: [VRFC 10-2458] undeclared symbol CRAM_ADA, assumed default net type wire [/home/alan/kl10-fpga-rtl/rtl/ebox.v:276]
INFO: [VRFC 10-2458] undeclared symbol CRAM_ADA_EN, assumed default net type wire [/home/alan/kl10-fpga-rtl/rtl/ebox.v:277]
INFO: [VRFC 10-2458] undeclared symbol CRAM_ADB, assumed default net type wire [/home/alan/kl10-fpga-rtl/rtl/ebox.v:278]
INFO: [VRFC 10-2458] undeclared symbol CRAM_AR, assumed default net type wire [/home/alan/kl10-fpga-rtl/rtl/ebox.v:279]
INFO: [VRFC 10-2458] undeclared symbol CRAM_ARX, assumed default net type wire [/home/alan/kl10-fpga-rtl/rtl/ebox.v:280]
INFO: [VRFC 10-2458] undeclared symbol CRAM_BR, assumed default net type wire [/home/alan/kl10-fpga-rtl/rtl/ebox.v:281]
INFO: [VRFC 10-2458] undeclared symbol CRAM_BRX, assumed default net type wire [/home/alan/kl10-fpga-rtl/rtl/ebox.v:282]
INFO: [VRFC 10-2458] undeclared symbol CRAM_MQ, assumed default net type wire [/home/alan/kl10-fpga-rtl/rtl/ebox.v:283]
INFO: [VRFC 10-2458] undeclared symbol CRAM_FMADR, assumed default net type wire [/home/alan/kl10-fpga-rtl/rtl/ebox.v:284]
INFO: [VRFC 10-2458] undeclared symbol CRAM_SCAD, assumed default net type wire [/home/alan/kl10-fpga-rtl/rtl/ebox.v:285]
INFO: [VRFC 10-2458] undeclared symbol CRAM_SCADA, assumed default net type wire [/home/alan/kl10-fpga-rtl/rtl/ebox.v:286]
INFO: [VRFC 10-2458] undeclared symbol CRAM_SCADA_EN, assumed default net type wire [/home/alan/kl10-fpga-rtl/rtl/ebox.v:287]
INFO: [VRFC 10-2458] undeclared symbol CRAM_SCADB, assumed default net type wire [/home/alan/kl10-fpga-rtl/rtl/ebox.v:288]
INFO: [VRFC 10-2458] undeclared symbol CRAM_SC, assumed default net type wire [/home/alan/kl10-fpga-rtl/rtl/ebox.v:289]
INFO: [VRFC 10-2458] undeclared symbol CRAM_FE, assumed default net type wire [/home/alan/kl10-fpga-rtl/rtl/ebox.v:290]
INFO: [VRFC 10-2458] undeclared symbol CRAM_SH, assumed default net type wire [/home/alan/kl10-fpga-rtl/rtl/ebox.v:291]
INFO: [VRFC 10-2458] undeclared symbol CRAM_ARMM, assumed default net type wire [/home/alan/kl10-fpga-rtl/rtl/ebox.v:292]
INFO: [VRFC 10-2458] undeclared symbol CRAM_VMAX, assumed default net type wire [/home/alan/kl10-fpga-rtl/rtl/ebox.v:293]
INFO: [VRFC 10-2458] undeclared symbol CRAM_VMA, assumed default net type wire [/home/alan/kl10-fpga-rtl/rtl/ebox.v:294]
INFO: [VRFC 10-2458] undeclared symbol CRAM_TIME, assumed default net type wire [/home/alan/kl10-fpga-rtl/rtl/ebox.v:295]
INFO: [VRFC 10-2458] undeclared symbol CRAM_MEM, assumed default net type wire [/home/alan/kl10-fpga-rtl/rtl/ebox.v:296]
INFO: [VRFC 10-2458] undeclared symbol CRAM_SKIP, assumed default net type wire [/home/alan/kl10-fpga-rtl/rtl/ebox.v:297]
INFO: [VRFC 10-2458] undeclared symbol CRAM_COND, assumed default net type wire [/home/alan/kl10-fpga-rtl/rtl/ebox.v:298]
INFO: [VRFC 10-2458] undeclared symbol CRAM_CALL, assumed default net type wire [/home/alan/kl10-fpga-rtl/rtl/ebox.v:299]
INFO: [VRFC 10-2458] undeclared symbol CRAM_DISP, assumed default net type wire [/home/alan/kl10-fpga-rtl/rtl/ebox.v:300]
INFO: [VRFC 10-2458] undeclared symbol CRAM_SPEC, assumed default net type wire [/home/alan/kl10-fpga-rtl/rtl/ebox.v:301]
INFO: [VRFC 10-2458] undeclared symbol CRAM_MARK, assumed default net type wire [/home/alan/kl10-fpga-rtl/rtl/ebox.v:302]
INFO: [VRFC 10-2458] undeclared symbol CRAM_magic, assumed default net type wire [/home/alan/kl10-fpga-rtl/rtl/ebox.v:303]
INFO: [VRFC 10-2458] undeclared symbol CRAM_MAJVER, assumed default net type wire [/home/alan/kl10-fpga-rtl/rtl/ebox.v:304]
INFO: [VRFC 10-2458] undeclared symbol CRAM_MINVER, assumed default net type wire [/home/alan/kl10-fpga-rtl/rtl/ebox.v:305]
INFO: [VRFC 10-2458] undeclared symbol CRAM_KLPAGE, assumed default net type wire [/home/alan/kl10-fpga-rtl/rtl/ebox.v:306]
INFO: [VRFC 10-2458] undeclared symbol CRAM_LONGPC, assumed default net type wire [/home/alan/kl10-fpga-rtl/rtl/ebox.v:307]
INFO: [VRFC 10-2458] undeclared symbol CRAM_NONSTD, assumed default net type wire [/home/alan/kl10-fpga-rtl/rtl/ebox.v:308]
INFO: [VRFC 10-2458] undeclared symbol CRAM_PV, assumed default net type wire [/home/alan/kl10-fpga-rtl/rtl/ebox.v:309]
INFO: [VRFC 10-2458] undeclared symbol CRAM_PMOVE, assumed default net type wire [/home/alan/kl10-fpga-rtl/rtl/ebox.v:310]
INFO: [VRFC 10-2458] undeclared symbol CRAM_ISTAT, assumed default net type wire [/home/alan/kl10-fpga-rtl/rtl/ebox.v:311]
INFO: [VRFC 10-2458] undeclared symbol CRAM_PXCT, assumed default net type wire [/home/alan/kl10-fpga-rtl/rtl/ebox.v:312]
INFO: [VRFC 10-2458] undeclared symbol CRAM_ACB, assumed default net type wire [/home/alan/kl10-fpga-rtl/rtl/ebox.v:313]
INFO: [VRFC 10-2458] undeclared symbol CRAM_ACmagic, assumed default net type wire [/home/alan/kl10-fpga-rtl/rtl/ebox.v:314]
INFO: [VRFC 10-2458] undeclared symbol CRAM_AC_OP, assumed default net type wire [/home/alan/kl10-fpga-rtl/rtl/ebox.v:315]
INFO: [VRFC 10-2458] undeclared symbol CRAM_AR0_8, assumed default net type wire [/home/alan/kl10-fpga-rtl/rtl/ebox.v:316]
INFO: [VRFC 10-2458] undeclared symbol CRAM_CLR, assumed default net type wire [/home/alan/kl10-fpga-rtl/rtl/ebox.v:317]
INFO: [VRFC 10-2458] undeclared symbol CRAM_ARL, assumed default net type wire [/home/alan/kl10-fpga-rtl/rtl/ebox.v:318]
INFO: [VRFC 10-2458] undeclared symbol CRAM_AR_CTL, assumed default net type wire [/home/alan/kl10-fpga-rtl/rtl/ebox.v:319]
INFO: [VRFC 10-2458] undeclared symbol CRAM_EXP_TST, assumed default net type wire [/home/alan/kl10-fpga-rtl/rtl/ebox.v:320]
INFO: [VRFC 10-2458] undeclared symbol CRAM_MQ_CTL, assumed default net type wire [/home/alan/kl10-fpga-rtl/rtl/ebox.v:321]
INFO: [VRFC 10-2458] undeclared symbol CRAM_PC_FLAGS, assumed default net type wire [/home/alan/kl10-fpga-rtl/rtl/ebox.v:322]
INFO: [VRFC 10-2458] undeclared symbol CRAM_FLAG_CTL, assumed default net type wire [/home/alan/kl10-fpga-rtl/rtl/ebox.v:323]
INFO: [VRFC 10-2458] undeclared symbol CRAM_SPEC_INSTR, assumed default net type wire [/home/alan/kl10-fpga-rtl/rtl/ebox.v:324]
INFO: [VRFC 10-2458] undeclared symbol CRAM_FETCH, assumed default net type wire [/home/alan/kl10-fpga-rtl/rtl/ebox.v:325]
INFO: [VRFC 10-2458] undeclared symbol CRAM_EA_CALC, assumed default net type wire [/home/alan/kl10-fpga-rtl/rtl/ebox.v:326]
INFO: [VRFC 10-2458] undeclared symbol CRAM_SP_MEM, assumed default net type wire [/home/alan/kl10-fpga-rtl/rtl/ebox.v:327]
INFO: [VRFC 10-2458] undeclared symbol CRAM_MREG_FNC, assumed default net type wire [/home/alan/kl10-fpga-rtl/rtl/ebox.v:328]
INFO: [VRFC 10-2458] undeclared symbol CRAM_MBOX_CTL, assumed default net type wire [/home/alan/kl10-fpga-rtl/rtl/ebox.v:329]
INFO: [VRFC 10-2458] undeclared symbol CRAM_MTR_CTL, assumed default net type wire [/home/alan/kl10-fpga-rtl/rtl/ebox.v:330]
INFO: [VRFC 10-2458] undeclared symbol CRAM_EBUS_CTL, assumed default net type wire [/home/alan/kl10-fpga-rtl/rtl/ebox.v:331]
INFO: [VRFC 10-2458] undeclared symbol CRAM_DIAG_FUNC, assumed default net type wire [/home/alan/kl10-fpga-rtl/rtl/ebox.v:332]
INFO: [VRFC 10-2458] undeclared symbol EDP_AD, assumed default net type wire [/home/alan/kl10-fpga-rtl/rtl/ebox.v:338]
INFO: [VRFC 10-2458] undeclared symbol EDP_ADX, assumed default net type wire [/home/alan/kl10-fpga-rtl/rtl/ebox.v:339]
INFO: [VRFC 10-2458] undeclared symbol EDP_AR, assumed default net type wire [/home/alan/kl10-fpga-rtl/rtl/ebox.v:340]
INFO: [VRFC 10-2458] undeclared symbol EDPdrivingEBUS, assumed default net type wire [/home/alan/kl10-fpga-rtl/rtl/ebox.v:343]
INFO: [VRFC 10-2458] undeclared symbol EDP_EBUS, assumed default net type wire [/home/alan/kl10-fpga-rtl/rtl/ebox.v:344]
INFO: [VRFC 10-2458] undeclared symbol EDP_MQ, assumed default net type wire [/home/alan/kl10-fpga-rtl/rtl/ebox.v:346]
INFO: [VRFC 10-2458] undeclared symbol EDP_ARX, assumed default net type wire [/home/alan/kl10-fpga-rtl/rtl/ebox.v:348]
INFO: [VRFC 10-2458] undeclared symbol CRAM_ADAEN, assumed default net type wire [/home/alan/kl10-fpga-rtl/rtl/ebox.v:354]
INFO: [VRFC 10-2458] undeclared symbol CRAM_ARR, assumed default net type wire [/home/alan/kl10-fpga-rtl/rtl/ebox.v:357]
INFO: [VRFC 10-2458] undeclared symbol CRAM_MQMSEL, assumed default net type wire [/home/alan/kl10-fpga-rtl/rtl/ebox.v:359]
INFO: [VRFC 10-2458] undeclared symbol CRAM_MQMEN, assumed default net type wire [/home/alan/kl10-fpga-rtl/rtl/ebox.v:360]
INFO: [VRFC 10-2458] undeclared symbol AR00to08load, assumed default net type wire [/home/alan/kl10-fpga-rtl/rtl/ebox.v:373]
INFO: [VRFC 10-2458] undeclared symbol AR09to17load, assumed default net type wire [/home/alan/kl10-fpga-rtl/rtl/ebox.v:374]
INFO: [VRFC 10-2458] undeclared symbol ARRload, assumed default net type wire [/home/alan/kl10-fpga-rtl/rtl/ebox.v:375]
INFO: [VRFC 10-2458] undeclared symbol BRload, assumed default net type wire [/home/alan/kl10-fpga-rtl/rtl/ebox.v:376]
INFO: [VRFC 10-2458] undeclared symbol BRXload, assumed default net type wire [/home/alan/kl10-fpga-rtl/rtl/ebox.v:377]
INFO: [VRFC 10-2458] undeclared symbol ARXload, assumed default net type wire [/home/alan/kl10-fpga-rtl/rtl/ebox.v:380]
INFO: [VRFC 10-2458] undeclared symbol AR00to11clr, assumed default net type wire [/home/alan/kl10-fpga-rtl/rtl/ebox.v:381]
INFO: [VRFC 10-2458] undeclared symbol AR12to17clr, assumed default net type wire [/home/alan/kl10-fpga-rtl/rtl/ebox.v:382]
INFO: [VRFC 10-2458] undeclared symbol ARRclr, assumed default net type wire [/home/alan/kl10-fpga-rtl/rtl/ebox.v:383]
INFO: [VRFC 10-2458] undeclared symbol adToEBUS_L, assumed default net type wire [/home/alan/kl10-fpga-rtl/rtl/ebox.v:385]
INFO: [VRFC 10-2458] undeclared symbol adToEBUS_R, assumed default net type wire [/home/alan/kl10-fpga-rtl/rtl/ebox.v:386]
INFO: [VRFC 10-2458] undeclared symbol ADbool, assumed default net type wire [/home/alan/kl10-fpga-rtl/rtl/ebox.v:387]
INFO: [VRFC 10-2458] undeclared symbol fmWrite00_17, assumed default net type wire [/home/alan/kl10-fpga-rtl/rtl/ebox.v:390]
INFO: [VRFC 10-2458] undeclared symbol fmWrite18_35, assumed default net type wire [/home/alan/kl10-fpga-rtl/rtl/ebox.v:391]
INFO: [VRFC 10-2458] undeclared symbol diagReadFunc12X, assumed default net type wire [/home/alan/kl10-fpga-rtl/rtl/ebox.v:393]
INFO: [VRFC 10-2458] undeclared symbol AD, assumed default net type wire [/home/alan/kl10-fpga-rtl/rtl/ebox.v:396]
INFO: [VRFC 10-2458] undeclared symbol IRdrivingEBUS, assumed default net type wire [/home/alan/kl10-fpga-rtl/rtl/ebox.v:397]
INFO: [VRFC 10-2458] undeclared symbol IR_EBUS, assumed default net type wire [/home/alan/kl10-fpga-rtl/rtl/ebox.v:398]
INFO: [VRFC 10-2458] undeclared symbol diagLoadFunc06X, assumed default net type wire [/home/alan/kl10-fpga-rtl/rtl/ebox.v:421]
INFO: [VRFC 10-2458] undeclared symbol diagReadFunc13X, assumed default net type wire [/home/alan/kl10-fpga-rtl/rtl/ebox.v:422]
INFO: [Common 17-14] Message 'VRFC 10-2458' appears 100 times and further instances of the messages will be disabled. Use the Tcl command set_msg_config to change the current settings.
ERROR: [VRFC 10-2989] 'J' is not declared [/home/alan/kl10-fpga-rtl/rtl/ebox.v:232]
ERROR: [VRFC 10-2989] 'MEM' is not declared [/home/alan/kl10-fpga-rtl/rtl/ebox.v:233]
ERROR: [VRFC 10-2989] 'SKIP' is not declared [/home/alan/kl10-fpga-rtl/rtl/ebox.v:234]
ERROR: [VRFC 10-2989] 'COND' is not declared [/home/alan/kl10-fpga-rtl/rtl/ebox.v:235]
ERROR: [VRFC 10-2989] 'DISP' is not declared [/home/alan/kl10-fpga-rtl/rtl/ebox.v:237]
ERROR: [VRFC 10-2989] 'SPEC' is not declared [/home/alan/kl10-fpga-rtl/rtl/ebox.v:238]
ERROR: [VRFC 10-2989] 'magic' is not declared [/home/alan/kl10-fpga-rtl/rtl/ebox.v:240]
ERROR: [VRFC 10-2989] 'ebusIn' is not declared [/home/alan/kl10-fpga-rtl/rtl/ebox.v:241]
ERROR: [VRFC 10-2989] 'diag' is not declared [/home/alan/kl10-fpga-rtl/rtl/ebox.v:242]
ERROR: [VRFC 10-2989] 'NICOND' is not declared [/home/alan/kl10-fpga-rtl/rtl/ebox.v:244]
ERROR: [VRFC 10-2989] 'SR' is not declared [/home/alan/kl10-fpga-rtl/rtl/ebox.v:245]
ERROR: [VRFC 10-2989] 'SH' is not declared [/home/alan/kl10-fpga-rtl/rtl/ebox.v:246]
ERROR: [VRFC 10-2989] 'MQ' is not declared [/home/alan/kl10-fpga-rtl/rtl/ebox.v:247]
ERROR: [VRFC 10-2989] 'BR' is not declared [/home/alan/kl10-fpga-rtl/rtl/ebox.v:248]
ERROR: [VRFC 10-3186] cannot index into non-array type wire for 'AD' [/home/alan/kl10-fpga-rtl/rtl/ebox.v:249]
ERROR: [VRFC 10-2989] 'ADX' is not declared [/home/alan/kl10-fpga-rtl/rtl/ebox.v:250]
ERROR: [VRFC 10-3186] cannot index into non-array type wire for 'AR' [/home/alan/kl10-fpga-rtl/rtl/ebox.v:251]
ERROR: [VRFC 10-2989] 'ARX' is not declared [/home/alan/kl10-fpga-rtl/rtl/ebox.v:252]
ERROR: [VRFC 10-2989] 'pfDisp' is not declared [/home/alan/kl10-fpga-rtl/rtl/ebox.v:253]
INFO: [#UNDEF] Sorry, too many errors..
